
> proactivity-backend@1.0.0 start
> node server.js

🗄️  Initializing database...
✅ Database initialized successfully
🚀 Proactivity Server running on port 3001
📋 Health check: http://localhost:3001/health
🧠 AI Task Breakdown: ✅
📊 Pattern Detection: ✅
🔔 Notifications: ✅
📖 API Docs: http://localhost:3001/api/docs
Sync status error: ReferenceError: database is not defined
    at file:///Users/alexnewhouse/proactivity/src/backend/routes/syncRoutes.js:189:22
    at Layer.handle [as handle_request] (/Users/alexnewhouse/proactivity/src/backend/node_modules/express/lib/router/layer.js:95:5)
    at next (/Users/alexnewhouse/proactivity/src/backend/node_modules/express/lib/router/route.js:149:13)
    at Route.dispatch (/Users/alexnewhouse/proactivity/src/backend/node_modules/express/lib/router/route.js:119:3)
    at Layer.handle [as handle_request] (/Users/alexnewhouse/proactivity/src/backend/node_modules/express/lib/router/layer.js:95:5)
    at /Users/alexnewhouse/proactivity/src/backend/node_modules/express/lib/router/index.js:284:15
    at Function.process_params (/Users/alexnewhouse/proactivity/src/backend/node_modules/express/lib/router/index.js:346:12)
    at next (/Users/alexnewhouse/proactivity/src/backend/node_modules/express/lib/router/index.js:280:10)
    at Function.handle (/Users/alexnewhouse/proactivity/src/backend/node_modules/express/lib/router/index.js:175:3)
    at router (/Users/alexnewhouse/proactivity/src/backend/node_modules/express/lib/router/index.js:47:12)
Sync pull error: ReferenceError: database is not defined
    at file:///Users/alexnewhouse/proactivity/src/backend/routes/syncRoutes.js:138:19
    at Layer.handle [as handle_request] (/Users/alexnewhouse/proactivity/src/backend/node_modules/express/lib/router/layer.js:95:5)
    at next (/Users/alexnewhouse/proactivity/src/backend/node_modules/express/lib/router/route.js:149:13)
    at Route.dispatch (/Users/alexnewhouse/proactivity/src/backend/node_modules/express/lib/router/route.js:119:3)
    at Layer.handle [as handle_request] (/Users/alexnewhouse/proactivity/src/backend/node_modules/express/lib/router/layer.js:95:5)
    at /Users/alexnewhouse/proactivity/src/backend/node_modules/express/lib/router/index.js:284:15
    at Function.process_params (/Users/alexnewhouse/proactivity/src/backend/node_modules/express/lib/router/index.js:346:12)
    at next (/Users/alexnewhouse/proactivity/src/backend/node_modules/express/lib/router/index.js:280:10)
    at Function.handle (/Users/alexnewhouse/proactivity/src/backend/node_modules/express/lib/router/index.js:175:3)
    at router (/Users/alexnewhouse/proactivity/src/backend/node_modules/express/lib/router/index.js:47:12)
Sync status error: ReferenceError: database is not defined
    at file:///Users/alexnewhouse/proactivity/src/backend/routes/syncRoutes.js:189:22
    at Layer.handle [as handle_request] (/Users/alexnewhouse/proactivity/src/backend/node_modules/express/lib/router/layer.js:95:5)
    at next (/Users/alexnewhouse/proactivity/src/backend/node_modules/express/lib/router/route.js:149:13)
    at Route.dispatch (/Users/alexnewhouse/proactivity/src/backend/node_modules/express/lib/router/route.js:119:3)
    at Layer.handle [as handle_request] (/Users/alexnewhouse/proactivity/src/backend/node_modules/express/lib/router/layer.js:95:5)
    at /Users/alexnewhouse/proactivity/src/backend/node_modules/express/lib/router/index.js:284:15
    at Function.process_params (/Users/alexnewhouse/proactivity/src/backend/node_modules/express/lib/router/index.js:346:12)
    at next (/Users/alexnewhouse/proactivity/src/backend/node_modules/express/lib/router/index.js:280:10)
    at Function.handle (/Users/alexnewhouse/proactivity/src/backend/node_modules/express/lib/router/index.js:175:3)
    at router (/Users/alexnewhouse/proactivity/src/backend/node_modules/express/lib/router/index.js:47:12)
Sync status error: ReferenceError: database is not defined
    at file:///Users/alexnewhouse/proactivity/src/backend/routes/syncRoutes.js:189:22
    at Layer.handle [as handle_request] (/Users/alexnewhouse/proactivity/src/backend/node_modules/express/lib/router/layer.js:95:5)
    at next (/Users/alexnewhouse/proactivity/src/backend/node_modules/express/lib/router/route.js:149:13)
    at Route.dispatch (/Users/alexnewhouse/proactivity/src/backend/node_modules/express/lib/router/route.js:119:3)
    at Layer.handle [as handle_request] (/Users/alexnewhouse/proactivity/src/backend/node_modules/express/lib/router/layer.js:95:5)
    at /Users/alexnewhouse/proactivity/src/backend/node_modules/express/lib/router/index.js:284:15
    at Function.process_params (/Users/alexnewhouse/proactivity/src/backend/node_modules/express/lib/router/index.js:346:12)
    at next (/Users/alexnewhouse/proactivity/src/backend/node_modules/express/lib/router/index.js:280:10)
    at Function.handle (/Users/alexnewhouse/proactivity/src/backend/node_modules/express/lib/router/index.js:175:3)
    at router (/Users/alexnewhouse/proactivity/src/backend/node_modules/express/lib/router/index.js:47:12)
Sync status error: ReferenceError: database is not defined
    at file:///Users/alexnewhouse/proactivity/src/backend/routes/syncRoutes.js:189:22
    at Layer.handle [as handle_request] (/Users/alexnewhouse/proactivity/src/backend/node_modules/express/lib/router/layer.js:95:5)
    at next (/Users/alexnewhouse/proactivity/src/backend/node_modules/express/lib/router/route.js:149:13)
    at Route.dispatch (/Users/alexnewhouse/proactivity/src/backend/node_modules/express/lib/router/route.js:119:3)
    at Layer.handle [as handle_request] (/Users/alexnewhouse/proactivity/src/backend/node_modules/express/lib/router/layer.js:95:5)
    at /Users/alexnewhouse/proactivity/src/backend/node_modules/express/lib/router/index.js:284:15
    at Function.process_params (/Users/alexnewhouse/proactivity/src/backend/node_modules/express/lib/router/index.js:346:12)
    at next (/Users/alexnewhouse/proactivity/src/backend/node_modules/express/lib/router/index.js:280:10)
    at Function.handle (/Users/alexnewhouse/proactivity/src/backend/node_modules/express/lib/router/index.js:175:3)
    at router (/Users/alexnewhouse/proactivity/src/backend/node_modules/express/lib/router/index.js:47:12)
Sync status error: ReferenceError: database is not defined
    at file:///Users/alexnewhouse/proactivity/src/backend/routes/syncRoutes.js:189:22
    at Layer.handle [as handle_request] (/Users/alexnewhouse/proactivity/src/backend/node_modules/express/lib/router/layer.js:95:5)
    at next (/Users/alexnewhouse/proactivity/src/backend/node_modules/express/lib/router/route.js:149:13)
    at Route.dispatch (/Users/alexnewhouse/proactivity/src/backend/node_modules/express/lib/router/route.js:119:3)
    at Layer.handle [as handle_request] (/Users/alexnewhouse/proactivity/src/backend/node_modules/express/lib/router/layer.js:95:5)
    at /Users/alexnewhouse/proactivity/src/backend/node_modules/express/lib/router/index.js:284:15
    at Function.process_params (/Users/alexnewhouse/proactivity/src/backend/node_modules/express/lib/router/index.js:346:12)
    at next (/Users/alexnewhouse/proactivity/src/backend/node_modules/express/lib/router/index.js:280:10)
    at Function.handle (/Users/alexnewhouse/proactivity/src/backend/node_modules/express/lib/router/index.js:175:3)
    at router (/Users/alexnewhouse/proactivity/src/backend/node_modules/express/lib/router/index.js:47:12)
Sync status error: ReferenceError: database is not defined
    at file:///Users/alexnewhouse/proactivity/src/backend/routes/syncRoutes.js:189:22
    at Layer.handle [as handle_request] (/Users/alexnewhouse/proactivity/src/backend/node_modules/express/lib/router/layer.js:95:5)
    at next (/Users/alexnewhouse/proactivity/src/backend/node_modules/express/lib/router/route.js:149:13)
    at Route.dispatch (/Users/alexnewhouse/proactivity/src/backend/node_modules/express/lib/router/route.js:119:3)
    at Layer.handle [as handle_request] (/Users/alexnewhouse/proactivity/src/backend/node_modules/express/lib/router/layer.js:95:5)
    at /Users/alexnewhouse/proactivity/src/backend/node_modules/express/lib/router/index.js:284:15
    at Function.process_params (/Users/alexnewhouse/proactivity/src/backend/node_modules/express/lib/router/index.js:346:12)
    at next (/Users/alexnewhouse/proactivity/src/backend/node_modules/express/lib/router/index.js:280:10)
    at Function.handle (/Users/alexnewhouse/proactivity/src/backend/node_modules/express/lib/router/index.js:175:3)
    at router (/Users/alexnewhouse/proactivity/src/backend/node_modules/express/lib/router/index.js:47:12)
Sync status error: ReferenceError: database is not defined
    at file:///Users/alexnewhouse/proactivity/src/backend/routes/syncRoutes.js:189:22
    at Layer.handle [as handle_request] (/Users/alexnewhouse/proactivity/src/backend/node_modules/express/lib/router/layer.js:95:5)
    at next (/Users/alexnewhouse/proactivity/src/backend/node_modules/express/lib/router/route.js:149:13)
    at Route.dispatch (/Users/alexnewhouse/proactivity/src/backend/node_modules/express/lib/router/route.js:119:3)
    at Layer.handle [as handle_request] (/Users/alexnewhouse/proactivity/src/backend/node_modules/express/lib/router/layer.js:95:5)
    at /Users/alexnewhouse/proactivity/src/backend/node_modules/express/lib/router/index.js:284:15
    at Function.process_params (/Users/alexnewhouse/proactivity/src/backend/node_modules/express/lib/router/index.js:346:12)
    at next (/Users/alexnewhouse/proactivity/src/backend/node_modules/express/lib/router/index.js:280:10)
    at Function.handle (/Users/alexnewhouse/proactivity/src/backend/node_modules/express/lib/router/index.js:175:3)
    at router (/Users/alexnewhouse/proactivity/src/backend/node_modules/express/lib/router/index.js:47:12)
Sync status error: ReferenceError: database is not defined
    at file:///Users/alexnewhouse/proactivity/src/backend/routes/syncRoutes.js:189:22
    at Layer.handle [as handle_request] (/Users/alexnewhouse/proactivity/src/backend/node_modules/express/lib/router/layer.js:95:5)
    at next (/Users/alexnewhouse/proactivity/src/backend/node_modules/express/lib/router/route.js:149:13)
    at Route.dispatch (/Users/alexnewhouse/proactivity/src/backend/node_modules/express/lib/router/route.js:119:3)
    at Layer.handle [as handle_request] (/Users/alexnewhouse/proactivity/src/backend/node_modules/express/lib/router/layer.js:95:5)
    at /Users/alexnewhouse/proactivity/src/backend/node_modules/express/lib/router/index.js:284:15
    at Function.process_params (/Users/alexnewhouse/proactivity/src/backend/node_modules/express/lib/router/index.js:346:12)
    at next (/Users/alexnewhouse/proactivity/src/backend/node_modules/express/lib/router/index.js:280:10)
    at Function.handle (/Users/alexnewhouse/proactivity/src/backend/node_modules/express/lib/router/index.js:175:3)
    at router (/Users/alexnewhouse/proactivity/src/backend/node_modules/express/lib/router/index.js:47:12)
SIGTERM received, shutting down gracefully
